## 쿼리 성능 개선 - 인덱스

### 1. 성능 개선 대상 쿼리
* 대상 쿼리 선정 기준
   1) ID(PK)를 통한 조회는 기본적으로 인덱스를 통해 조회하므로 성능 개선 대상 쿼리에서 제외 (→ findById)
   2) ID 외 조건을 통해 조회하는 쿼리를 대상으로 함
* 대상 쿼리 목록
   - ``콘서트 예약가능 날짜 조회``
     - 콘서트 ID를 통해 조회 대상 데이터를 특정지을 수 있고 중복 수치가 높지 않으므로 인덱스로 선택 시 성능 개선을 기대할 수 있음
     - ID(논리적 FK)이므로 데이터 변경 가능성이 적음 
   - ``콘서트 예약가능 좌석 조회``
     - 콘서트 스케줄 ID를 통해 조회 대상 데이터를 특정지을 수 있고 중복 수치가 높지 않으므로 인덱스로 선택 시 성능 개선을 기대할 수 있음
     - ID(논리적 FK)이므로 데이터 변경 가능성이 적음
   - ``만료 대상 예약 조회`` (좌석 선점 만료 스케줄러에서 사용)
     - 예약 상태와 예약 시점을 복합 인덱스로 설정하면 상대적으로 카디널리티가 낮은 예약 상태 조건을 보완하면서 성능 개선 가능함
   - ``만료 대상 예약 티켓의 좌석 조회`` (좌석 선점 만료 스케줄러에서 사용)
     - 예약 ID를 통해 조회 대상 데이터를 특정지을 수 있고 중복 수치가 높지 않으므로 인덱스로 선택 시 성능 개선을 기대할 수 있음
     - ID(논리적 FK)이므로 데이터 변경 가능성이 적음

---

### 2. 테스트를 위한 사전 준비
- 성능 테스트를 위해 아래 테이블에 더미 데이터를 추가함 (주요 테이블만 기술함)
  - 테이블 | 더미 데이터 수
    |-----| --------|
    CONCERT | 200,000건
    CONCERT_SCHEDULE | 600,000건
    CONCERT_SEAT | 3,000,000건
    RESERVATION | 1,000,000건
    RESERVATION_TICKET | 2,500,000건

---

### 3. 기존 쿼리 분석 및 성능 확인
- ``콘서트 예약가능 날짜 조회`` (findAllByConcertIdAndConcertDatetimeIsAfter)
    ```sql
    select
        cse1_0.id,
        cse1_0.concert_datetime,
        cse1_0.concert_id,
        cse1_0.place_id
    from
        concert_schedule cse1_0
    where
        cse1_0.concert_id=?
      and cse1_0.concert_datetime>?
  

    [쿼리 실행 시간]
    3 row(s) fetched - 100ms ~ 120ms
  
    [Explain Analyze 결과]
    -> Limit: 200 row(s)  (cost=61796 rows=200) (actual time=0.12..162 rows=3 loops=1)
        -> Filter: ((cse1_0.concert_id = 3) and (cse1_0.concert_datetime > TIMESTAMP'2024-08-10 01:25:00'))  (cost=61796 rows=19945) (actual time=0.102..162 rows=3 loops=1)
            -> Table scan on cse1_0  (cost=61796 rows=598416) (actual time=0.0942..139 rows=600000 loops=1)  
    ```


- ``콘서트 예약가능 좌석 조회`` (findAllByConcertScheduleIdAndStatusIs)
    ```sql
    select
        cse1_0.id,
        cse1_0.concert_schedule_id,
        cse1_0.price,
        cse1_0.seat_id,
        cse1_0.status,
        cse1_0.version
    from
        concert_seat cse1_0
    where
        cse1_0.concert_schedule_id=?
      and cse1_0.status=?
  

    [쿼리 실행 시간]
    23 row(s) fetched - 6.9s ~ 7.8s

    [Explain Analyze 결과]
    -> Limit: 200 row(s)  (cost=2.82e+6 rows=200) (actual time=1448..8221 rows=23 loops=1)
        -> Filter: ((cse1_0.`status` = 'AVAILABLE') and (cse1_0.concert_schedule_id = 100000))  (cost=2.82e+6 rows=270366) (actual time=1448..8221 rows=23 loops=1)
            -> Table scan on cse1_0  (cost=2.82e+6 rows=27e+6) (actual time=0.299..6097 rows=30e+6 loops=1)
    ```
  

- ``만료 대상 예약 조회`` (findAllByStatusIsAndCreatedAtBefore)
    ```sql
    select
        re1_0.id,
        re1_0.concert_schedule_id,
        re1_0.created_at,
        re1_0.place_id,
        ....,
        re1_0.status,
        re1_0.total_price,
        re1_0.updated_at,
        re1_0.user_id 
    from
        reservation re1_0 
    where
        re1_0.status=? 
        and re1_0.created_at<?
  

    [쿼리 실행 시간]
    200 row(s) fetched - 125ms ~ 199ms

    [Explain Analyze 결과]
    -> Limit: 200 row(s)  (cost=103297 rows=200) (actual time=1.26..166 rows=200 loops=1)
        -> Filter: ((re1_0.`status` = 'RESERVED') and (re1_0.created_at < TIMESTAMP'2024-08-09 22:00:00'))  (cost=103297 rows=33097) (actual time=1.26..166 rows=200 loops=1)
            -> Table scan on re1_0  (cost=103297 rows=993013) (actual time=0.145..140 rows=343328 loops=1) 
    ```
  

- ``만료 대상 예약 티켓의 좌석 조회`` (findAllByReservationIdIn)
    ```sql
    select
        rte1_0.id,
        rte1_0.concert_seat_id,
        rte1_0.price,
        rte1_0.reservation_id,
        rte1_0.seat_id,
        rte1_0.seat_no 
    from
        reservation_ticket rte1_0 
    where
        rte1_0.reservation_id in (?)
  

    [쿼리 실행 시간]
    5 row(s) fetched - 450ms ~ 512ms

    [Explain Analyze 결과]
    -> Limit: 200 row(s)  (cost=256636 rows=200) (actual time=549..549 rows=5 loops=1)
        -> Filter: (rte1_0.reservation_id in (1250423,1250424,1250425))  (cost=256636 rows=747141) (actual time=549..549 rows=5 loops=1)
            -> Table scan on rte1_0  (cost=256636 rows=2.49e+6) (actual time=0.152..469 rows=2.5e+6 loops=1)
    ```

---

### 4. 인덱스 추가 및 성능 확인
- ``콘서트 예약가능 날짜 조회`` → **복합 인덱스 사용**
    - 단일 인덱스 존재 시, 실행 계획상 복합 인덱스를 타지 않음 → 복합 인덱스를 사용하기 위해 단일 인덱스 삭제
    - 동일 콘서트 스케줄 데이터가 더 많아질수록 복합 인덱스를 통한 성능 개선 폭이 크다고 판단
        - 현재는 cost, actual time의 차이가 두드러지는 편은 아니지만, 복합 인덱스의 cost가 다소 높고 actual time은 낮음 
    ```sql
    -- 단일 인덱스 (concert_id)
    create index idx_concert_id on concert_schedule (concert_id);

  
    [쿼리 실행 시간]
    3 row(s) fetched - 1ms ~ 3ms

    [Explain Analyze 결과]  
    -> Limit: 200 row(s)  (cost=1.76 rows=1) (actual time=0.112..0.114 rows=3 loops=1)
        -> Filter: (cse1_0.concert_datetime > TIMESTAMP'2024-08-10 01:25:00')  (cost=1.76 rows=1) (actual time=0.0936..0.0962 rows=3 loops=1)
            -> Index lookup on cse1_0 using idx_concert_id (concert_id=3)  (cost=1.76 rows=3) (actual time=0.0899..0.0922 rows=3 loops=1)
  
  
  
    -- 복합 인덱스 (concert_id, concert_datetime)
    create index idx_concert_id_datetime on concert_schedule (concert_id, concert_datetime);
    
  
    [쿼리 실행 시간]
    3 row(s) fetched - 1ms ~ 2ms
    
    [Explain Analyze 결과]   
    -> Limit: 200 row(s)  (cost=2.06 rows=3) (actual time=0.0659..0.0779 rows=3 loops=1)
        -> Index range scan on cse1_0 using idx_concert_id_datetime over (concert_id = 3 AND '2024-08-10 01:25:00' < concert_datetime), with index condition: ((cse1_0.concert_id = 3) and (cse1_0.concert_datetime > TIMESTAMP'2024-08-10 01:25:00'))  (cost=2.06 rows=3) (actual time=0.063..0.0747 rows=3 loops=1)  
    ```

- ``콘서트 예약가능 좌석 조회`` → **단일 인덱스 사용**
    - 좌석 상태(status)는 자주 바뀔 수 있는 값으로 인덱스 설정에 적합하지 않을 수 있음
        - 추가로, 2가지 상태(AVAILABLE, OCCUPIED)만 가지므로 카디널리티가 낮아 인덱싱 효과가 크지 않음
    ```sql
    -- 단일 인덱스 (concert_schedule_id)
    create index idx_schedule_id on concert_seat (concert_schedule_id);

  
    [쿼리 실행 시간]
    23 row(s) fetched - 1ms ~ 4ms

    [Explain Analyze 결과]  
    -> Limit: 200 row(s)  (cost=50.4 rows=5) (actual time=0.192..0.212 rows=23 loops=1)
        -> Filter: (cse1_0.`status` = 'AVAILABLE')  (cost=50.4 rows=5) (actual time=0.19..0.208 rows=23 loops=1)
            -> Index lookup on cse1_0 using idx_schedule_id (concert_schedule_id=100000)  (cost=50.4 rows=50) (actual time=0.179..0.191 rows=50 loops=1)
  
  
  
    -- 복합 인덱스 (concert_schedule_id, status)
    create index idx_schedule_id_status on concert_seat (concert_schedule_id, status);
   
  
    [쿼리 실행 시간]
    23 row(s) fetched - 1ms ~ 4ms
    
    [Explain Analyze 결과]   
    -> Limit: 200 row(s)  (cost=25.3 rows=23) (actual time=0.0922..0.0998 rows=23 loops=1)
        -> Index lookup on cse1_0 using idx_schedule_id_status (concert_schedule_id=100000, status='AVAILABLE')  (cost=25.3 rows=23) (actual time=0.0899..0.0957 rows=23 loops=1)
    ```
  
- ``만료 대상 예약 조회`` → **복합 인덱스 사용**
    - 상태나 예약 생성 일시 각각을 단일 인덱스로 설정할 경우, 상대적으로 유의미한 성능 개선을 하기 어려움
    - 상태는 3가지 값(RESERVED, PAID, CANCELED)을 가지고 있어 카디널리티는 낮지만 필터링을 한 후, 예약 생성 일시를 활용하면 성능 개선에 더 효과적일 수 있음
    ```sql
    -- 복합 인덱스 (concert_id, concert_datetime)
    create index idx_rsv_status_created_at on reservation (status, created_at);
    
  
    [쿼리 실행 시간]
    200 row(s) fetched - 4ms ~ 7ms
    
    [Explain Analyze 결과]   
    -> Limit: 200 row(s)  (cost=402 rows=200) (actual time=0.0693..3.37 rows=200 loops=1)
        -> Index range scan on re1_0 using idx_rsv_status_created_at over (status = 'RESERVED' AND NULL < created_at < '2024-08-09 22:00:00'), with index condition: ((re1_0.`status` = 'RESERVED') and (re1_0.created_at < TIMESTAMP'2024-08-09 22:00:00'))  (cost=402 rows=581) (actual time=0.0614..3.35 rows=200 loops=1)
    ```

- ``만료 대상 예약 티켓의 좌석 조회`` → **단일 인덱스 사용**
    - 쿼리의 조회 조건이 예약 ID이므로 단일 인덱스로 성능 개선 가능
    ```sql
    -- 단일 인덱스 (concert_id)
    create index idx_ticket_reservation_id on reservation_ticket (reservation_id);


  
    [쿼리 실행 시간]
    5 row(s) fetched - 1ms ~ 3ms

    [Explain Analyze 결과]  
    -> Limit: 200 row(s)  (cost=9 rows=5) (actual time=0.0747..0.0922 rows=5 loops=1)
        -> Index range scan on rte1_0 using idx_ticket_reservation_id over (reservation_id = 1250423) OR (reservation_id = 1250424) OR (reservation_id = 1250425), with index condition: (rte1_0.reservation_id in (1250423,1250424,1250425))  (cost=9 rows=5) (actual time=0.0722..0.0894 rows=5 loops=1)
    ```

---

### 5. 요약 정리
대상 쿼리 | 조회 건수 | 인덱싱 전 실행 시간 | 인덱싱 후 실행 시간 | 인덱스 사용 방식
-----|----|----|-------------|----|
콘서트 예약가능 날짜 조회 | 3 | 100 ~ 120ms | 1 ~ 2ms     | 복합 인덱스
콘서트 예약가능 좌석 조회 | 23 | 6.9 ~ 7.8s | 1 ~ 4ms     | 단일 인덱스
만료 대상 예약 조회 | 200 (limit) | 125 ~ 199ms | 4 ~ 7ms | 복합 인덱스
만료 대상 예약 티켓의 좌석 조회 | 5 | 450 ~ 512ms | 1 ~ 3ms | 단일 인덱스